<?xml version="1.0" encoding="UTF-8"?>
<testng-results ignored="0" total="2" passed="2" failed="0" skipped="0">
  <reporter-output>
  </reporter-output>
  <suite started-at="2026-03-08T19:12:55 IST" name="ParallelSuite" finished-at="2026-03-08T19:13:09 IST" duration-ms="14150">
    <groups>
      <group name="cucumber">
        <method signature="AbstractTestNGCucumberTests.runScenario(io.cucumber.testng.PickleWrapper,io.cucumber.testng.FeatureWrapper)[pri:0, instance:com.automation.runners.TestRunner@dd8ba08]" name="runScenario" class="io.cucumber.testng.AbstractTestNGCucumberTests"/>
        <method signature="AbstractTestNGCucumberTests.runScenario(io.cucumber.testng.PickleWrapper,io.cucumber.testng.FeatureWrapper)[pri:0, instance:com.automation.runners.TestRunnerSauce@4c371370]" name="runScenario" class="io.cucumber.testng.AbstractTestNGCucumberTests"/>
      </group> <!-- cucumber -->
    </groups>
    <test started-at="2026-03-08T19:12:55 IST" name="SauceDemoLoginTest" finished-at="2026-03-08T19:13:05 IST" duration-ms="10198">
      <class name="com.automation.runners.TestRunnerSauce">
        <test-method is-config="true" signature="setUpClass(org.testng.ITestContext)[pri:0, instance:com.automation.runners.TestRunnerSauce@4c371370]" started-at="2026-03-08T19:12:55 IST" name="setUpClass" finished-at="2026-03-08T19:12:55 IST" duration-ms="355" status="PASS">
          <params>
            <param index="0">
              <value>
                <![CDATA[org.testng.TestRunner@ba2f4ec]]>
              </value>
            </param>
          </params>
          <reporter-output>
          </reporter-output>
        </test-method> <!-- setUpClass -->
        <test-method signature="runScenario(io.cucumber.testng.PickleWrapper,io.cucumber.testng.FeatureWrapper)[pri:0, instance:com.automation.runners.TestRunnerSauce@4c371370]" started-at="2026-03-08T19:12:55 IST" name="runScenario" description="Runs Cucumber Scenarios" data-provider="scenarios" finished-at="2026-03-08T19:13:05 IST" duration-ms="9780" status="PASS">
          <params>
            <param index="0">
              <value>
                <![CDATA["Login with standard_user"]]>
              </value>
            </param>
            <param index="1">
              <value>
                <![CDATA["SauceDemo Login"]]>
              </value>
            </param>
          </params>
          <reporter-output>
          </reporter-output>
        </test-method> <!-- runScenario -->
        <test-method is-config="true" signature="tearDownClass()[pri:0, instance:com.automation.runners.TestRunnerSauce@4c371370]" started-at="2026-03-08T19:13:05 IST" name="tearDownClass" finished-at="2026-03-08T19:13:05 IST" duration-ms="33" status="PASS">
          <reporter-output>
          </reporter-output>
        </test-method> <!-- tearDownClass -->
      </class> <!-- com.automation.runners.TestRunnerSauce -->
    </test> <!-- SauceDemoLoginTest -->
    <test started-at="2026-03-08T19:12:55 IST" name="OriginalLoginTest" finished-at="2026-03-08T19:13:09 IST" duration-ms="14150">
      <class name="com.automation.runners.TestRunner">
        <test-method is-config="true" signature="setUpClass(org.testng.ITestContext)[pri:0, instance:com.automation.runners.TestRunner@dd8ba08]" started-at="2026-03-08T19:12:55 IST" name="setUpClass" finished-at="2026-03-08T19:12:55 IST" duration-ms="355" status="PASS">
          <params>
            <param index="0">
              <value>
                <![CDATA[org.testng.TestRunner@49438269]]>
              </value>
            </param>
          </params>
          <reporter-output>
          </reporter-output>
        </test-method> <!-- setUpClass -->
        <test-method signature="runScenario(io.cucumber.testng.PickleWrapper,io.cucumber.testng.FeatureWrapper)[pri:0, instance:com.automation.runners.TestRunner@dd8ba08]" started-at="2026-03-08T19:12:55 IST" name="runScenario" description="Runs Cucumber Scenarios" data-provider="scenarios" finished-at="2026-03-08T19:13:09 IST" duration-ms="13749" status="PASS">
          <params>
            <param index="0">
              <value>
                <![CDATA["Successful login"]]>
              </value>
            </param>
            <param index="1">
              <value>
                <![CDATA["Login functionality"]]>
              </value>
            </param>
          </params>
          <reporter-output>
          </reporter-output>
        </test-method> <!-- runScenario -->
        <test-method is-config="true" signature="tearDownClass()[pri:0, instance:com.automation.runners.TestRunner@dd8ba08]" started-at="2026-03-08T19:13:09 IST" name="tearDownClass" finished-at="2026-03-08T19:13:09 IST" duration-ms="22" status="PASS">
          <reporter-output>
          </reporter-output>
        </test-method> <!-- tearDownClass -->
      </class> <!-- com.automation.runners.TestRunner -->
    </test> <!-- OriginalLoginTest -->
  </suite> <!-- ParallelSuite -->
</testng-results>
